# JRE version: OpenJDK Runtime Environment GraalVM CE 22.3.0 (17.0.5+8) (build 17.0.5+8-jvmci-22.3-b08)
# Java VM: OpenJDK 64-Bit Server VM GraalVM CE 22.3.0 (17.0.5+8-jvmci-22.3-b08, mixed mode, sharing, tiered, jvmci, jvmci compiler, compressed oops, compressed class ptrs, parallel gc, linux-amd64)
GC Precious Log:
 CPUs: 8 total, 1 available
 Memory: 1024M
 Large Page Support: Disabled
 NUMA Support: Disabled
 Compressed Oops: Enabled (32-bit)
 Alignments: Space 512K, Generation 512K, Heap 2M
 Heap Min Capacity: 100M
 Heap Initial Capacity: 100M
 Heap Max Capacity: 512M
 Pre-touch: Disabled
 Parallel Workers: 1
Heap:
 PSYoungGen      total 50688K, used 32416K [0x00000000f5580000, 0x00000000fa300000, 0x0000000100000000)
  eden space 23040K, 99% used [0x00000000f5580000,0x00000000f6bffff8,0x00000000f6c00000)
  from space 27648K, 33% used [0x00000000f6c00000,0x00000000f7528388,0x00000000f8700000)
  to   space 26624K, 0% used [0x00000000f8900000,0x00000000f8900000,0x00000000fa300000)
 ParOldGen       total 349696K, used 349695K [0x00000000e0000000, 0x00000000f5580000, 0x00000000f5580000)
  object space 349696K, 99% used [0x00000000e0000000,0x00000000f557fff0,0x00000000f5580000)
 Metaspace       used 53167K, committed 53888K, reserved 1097728K
  class space    used 5354K, committed 5696K, reserved 1048576K
GC Heap History (20 events):
Event: 1170.161 GC heap before
{Heap before GC invocations=759 (full 682):
 PSYoungGen      total 50688K, used 32416K [0x00000000f5580000, 0x00000000fa300000, 0x0000000100000000)
  eden space 23040K, 99% used [0x00000000f5580000,0x00000000f6bffff8,0x00000000f6c00000)
  from space 27648K, 33% used [0x00000000f6c00000,0x00000000f75283b8,0x00000000f8700000)
  to   space 26624K, 0% used [0x00000000f8900000,0x00000000f8900000,0x00000000fa300000)
 ParOldGen       total 349696K, used 349695K [0x00000000e0000000, 0x00000000f5580000, 0x00000000f5580000)
  object space 349696K, 99% used [0x00000000e0000000,0x00000000f557fff8,0x00000000f5580000)
 Metaspace       used 53167K, committed 53888K, reserved 1097728K
  class space    used 5354K, committed 5696K, reserved 1048576K
}
Event: 1171.619 GC heap after
{Heap after GC invocations=759 (full 682):
 PSYoungGen      total 50688K, used 32416K [0x00000000f5580000, 0x00000000fa300000, 0x0000000100000000)
  eden space 23040K, 99% used [0x00000000f5580000,0x00000000f6bffff8,0x00000000f6c00000)
  from space 27648K, 33% used [0x00000000f6c00000,0x00000000f7528388,0x00000000f8700000)
  to   space 26624K, 0% used [0x00000000f8900000,0x00000000f8900000,0x00000000fa300000)
 ParOldGen       total 349696K, used 349695K [0x00000000e0000000, 0x00000000f5580000, 0x00000000f5580000)
  object space 349696K, 99% used [0x00000000e0000000,0x00000000f557fff8,0x00000000f5580000)
 Metaspace       used 53167K, committed 53888K, reserved 1097728K
  class space    used 5354K, committed 5696K, reserved 1048576K
}
Event: 1171.619 GC heap before
{Heap before GC invocations=760 (full 683):
 PSYoungGen      total 50688K, used 32416K [0x00000000f5580000, 0x00000000fa300000, 0x0000000100000000)
  eden space 23040K, 99% used [0x00000000f5580000,0x00000000f6bffff8,0x00000000f6c00000)
  from space 27648K, 33% used [0x00000000f6c00000,0x00000000f7528388,0x00000000f8700000)
  to   space 26624K, 0% used [0x00000000f8900000,0x00000000f8900000,0x00000000fa300000)
 ParOldGen       total 349696K, used 349695K [0x00000000e0000000, 0x00000000f5580000, 0x00000000f5580000)
  object space 349696K, 99% used [0x00000000e0000000,0x00000000f557fff8,0x00000000f5580000)
 Metaspace       used 53167K, committed 53888K, reserved 1097728K
  class space    used 5354K, committed 5696K, reserved 1048576K
}
Event: 1173.193 GC heap after
{Heap after GC invocations=760 (full 683):
 PSYoungGen      total 50688K, used 32416K [0x00000000f5580000, 0x00000000fa300000, 0x0000000100000000)
  eden space 23040K, 99% used [0x00000000f5580000,0x00000000f6bffff8,0x00000000f6c00000)
  from space 27648K, 33% used [0x00000000f6c00000,0x00000000f7528388,0x00000000f8700000)
  to   space 26624K, 0% used [0x00000000f8900000,0x00000000f8900000,0x00000000fa300000)
 ParOldGen       total 349696K, used 349695K [0x00000000e0000000, 0x00000000f5580000, 0x00000000f5580000)
  object space 349696K, 99% used [0x00000000e0000000,0x00000000f557ffa0,0x00000000f5580000)
 Metaspace       used 53167K, committed 53888K, reserved 1097728K
  class space    used 5354K, committed 5696K, reserved 1048576K
}
Event: 1173.194 GC heap before
{Heap before GC invocations=761 (full 684):
 PSYoungGen      total 50688K, used 32416K [0x00000000f5580000, 0x00000000fa300000, 0x0000000100000000)
  eden space 23040K, 99% used [0x00000000f5580000,0x00000000f6bffff8,0x00000000f6c00000)
  from space 27648K, 33% used [0x00000000f6c00000,0x00000000f7528388,0x00000000f8700000)
  to   space 26624K, 0% used [0x00000000f8900000,0x00000000f8900000,0x00000000fa300000)
 ParOldGen       total 349696K, used 349695K [0x00000000e0000000, 0x00000000f5580000, 0x00000000f5580000)
  object space 349696K, 99% used [0x00000000e0000000,0x00000000f557fff0,0x00000000f5580000)
 Metaspace       used 53167K, committed 53888K, reserved 1097728K
  class space    used 5354K, committed 5696K, reserved 1048576K
}
Event: 1174.801 GC heap after
{Heap after GC invocations=761 (full 684):
 PSYoungGen      total 50688K, used 32416K [0x00000000f5580000, 0x00000000fa300000, 0x0000000100000000)
  eden space 23040K, 99% used [0x00000000f5580000,0x00000000f6bffff8,0x00000000f6c00000)
  from space 27648K, 33% used [0x00000000f6c00000,0x00000000f7528388,0x00000000f8700000)
  to   space 26624K, 0% used [0x00000000f8900000,0x00000000f8900000,0x00000000fa300000)
 ParOldGen       total 349696K, used 349695K [0x00000000e0000000, 0x00000000f5580000, 0x00000000f5580000)
  object space 349696K, 99% used [0x00000000e0000000,0x00000000f557ffd0,0x00000000f5580000)
 Metaspace       used 53167K, committed 53888K, reserved 1097728K
  class space    used 5354K, committed 5696K, reserved 1048576K
}
Event: 1174.801 GC heap before
{Heap before GC invocations=762 (full 685):
 PSYoungGen      total 50688K, used 32416K [0x00000000f5580000, 0x00000000fa300000, 0x0000000100000000)
  eden space 23040K, 99% used [0x00000000f5580000,0x00000000f6bffff8,0x00000000f6c00000)
  from space 27648K, 33% used [0x00000000f6c00000,0x00000000f7528388,0x00000000f8700000)
  to   space 26624K, 0% used [0x00000000f8900000,0x00000000f8900000,0x00000000fa300000)
 ParOldGen       total 349696K, used 349695K [0x00000000e0000000, 0x00000000f5580000, 0x00000000f5580000)
  object space 349696K, 99% used [0x00000000e0000000,0x00000000f557fff0,0x00000000f5580000)
 Metaspace       used 53167K, committed 53888K, reserved 1097728K
  class space    used 5354K, committed 5696K, reserved 1048576K
}
Event: 1176.285 GC heap after
{Heap after GC invocations=762 (full 685):
 PSYoungGen      total 50688K, used 32416K [0x00000000f5580000, 0x00000000fa300000, 0x0000000100000000)
  eden space 23040K, 99% used [0x00000000f5580000,0x00000000f6bffff8,0x00000000f6c00000)
  from space 27648K, 33% used [0x00000000f6c00000,0x00000000f7528388,0x00000000f8700000)
  to   space 26624K, 0% used [0x00000000f8900000,0x00000000f8900000,0x00000000fa300000)
 ParOldGen       total 349696K, used 349695K [0x00000000e0000000, 0x00000000f5580000, 0x00000000f5580000)
  object space 349696K, 99% used [0x00000000e0000000,0x00000000f557ffd0,0x00000000f5580000)
 Metaspace       used 53167K, committed 53888K, reserved 1097728K
  class space    used 5354K, committed 5696K, reserved 1048576K
}
Event: 1176.285 GC heap before
{Heap before GC invocations=763 (full 686):
 PSYoungGen      total 50688K, used 32416K [0x00000000f5580000, 0x00000000fa300000, 0x0000000100000000)
  eden space 23040K, 99% used [0x00000000f5580000,0x00000000f6bffff8,0x00000000f6c00000)
  from space 27648K, 33% used [0x00000000f6c00000,0x00000000f7528388,0x00000000f8700000)
  to   space 26624K, 0% used [0x00000000f8900000,0x00000000f8900000,0x00000000fa300000)
 ParOldGen       total 349696K, used 349695K [0x00000000e0000000, 0x00000000f5580000, 0x00000000f5580000)
  object space 349696K, 99% used [0x00000000e0000000,0x00000000f557fff0,0x00000000f5580000)
 Metaspace       used 53167K, committed 53888K, reserved 1097728K
  class space    used 5354K, committed 5696K, reserved 1048576K
}
Event: 1177.772 GC heap after
{Heap after GC invocations=763 (full 686):
 PSYoungGen      total 50688K, used 32416K [0x00000000f5580000, 0x00000000fa300000, 0x0000000100000000)
  eden space 23040K, 99% used [0x00000000f5580000,0x00000000f6bffff8,0x00000000f6c00000)
  from space 27648K, 33% used [0x00000000f6c00000,0x00000000f7528388,0x00000000f8700000)
  to   space 26624K, 0% used [0x00000000f8900000,0x00000000f8900000,0x00000000fa300000)
 ParOldGen       total 349696K, used 349695K [0x00000000e0000000, 0x00000000f5580000, 0x00000000f5580000)
  object space 349696K, 99% used [0x00000000e0000000,0x00000000f557fff0,0x00000000f5580000)
 Metaspace       used 53167K, committed 53888K, reserved 1097728K
  class space    used 5354K, committed 5696K, reserved 1048576K
}
Event: 1177.772 GC heap before
{Heap before GC invocations=764 (full 687):
 PSYoungGen      total 50688K, used 32416K [0x00000000f5580000, 0x00000000fa300000, 0x0000000100000000)
  eden space 23040K, 99% used [0x00000000f5580000,0x00000000f6bffff8,0x00000000f6c00000)
  from space 27648K, 33% used [0x00000000f6c00000,0x00000000f7528388,0x00000000f8700000)
  to   space 26624K, 0% used [0x00000000f8900000,0x00000000f8900000,0x00000000fa300000)
 ParOldGen       total 349696K, used 349695K [0x00000000e0000000, 0x00000000f5580000, 0x00000000f5580000)
  object space 349696K, 99% used [0x00000000e0000000,0x00000000f557fff0,0x00000000f5580000)
 Metaspace       used 53167K, committed 53888K, reserved 1097728K
  class space    used 5354K, committed 5696K, reserved 1048576K
}
Event: 1179.283 GC heap after
{Heap after GC invocations=764 (full 687):
 PSYoungGen      total 50688K, used 32416K [0x00000000f5580000, 0x00000000fa300000, 0x0000000100000000)
  eden space 23040K, 99% used [0x00000000f5580000,0x00000000f6bffff8,0x00000000f6c00000)
  from space 27648K, 33% used [0x00000000f6c00000,0x00000000f7528388,0x00000000f8700000)
  to   space 26624K, 0% used [0x00000000f8900000,0x00000000f8900000,0x00000000fa300000)
 ParOldGen       total 349696K, used 349695K [0x00000000e0000000, 0x00000000f5580000, 0x00000000f5580000)
  object space 349696K, 99% used [0x00000000e0000000,0x00000000f557fff0,0x00000000f5580000)
 Metaspace       used 53167K, committed 53888K, reserved 1097728K
  class space    used 5354K, committed 5696K, reserved 1048576K
}
Event: 1179.283 GC heap before
{Heap before GC invocations=765 (full 688):
 PSYoungGen      total 50688K, used 32416K [0x00000000f5580000, 0x00000000fa300000, 0x0000000100000000)
  eden space 23040K, 99% used [0x00000000f5580000,0x00000000f6bffff8,0x00000000f6c00000)
  from space 27648K, 33% used [0x00000000f6c00000,0x00000000f7528388,0x00000000f8700000)
  to   space 26624K, 0% used [0x00000000f8900000,0x00000000f8900000,0x00000000fa300000)
 ParOldGen       total 349696K, used 349695K [0x00000000e0000000, 0x00000000f5580000, 0x00000000f5580000)
  object space 349696K, 99% used [0x00000000e0000000,0x00000000f557fff0,0x00000000f5580000)
 Metaspace       used 53167K, committed 53888K, reserved 1097728K
  class space    used 5354K, committed 5696K, reserved 1048576K
}
Event: 1180.672 GC heap after
{Heap after GC invocations=765 (full 688):
 PSYoungGen      total 50688K, used 32416K [0x00000000f5580000, 0x00000000fa300000, 0x0000000100000000)
  eden space 23040K, 99% used [0x00000000f5580000,0x00000000f6bfffe0,0x00000000f6c00000)
  from space 27648K, 33% used [0x00000000f6c00000,0x00000000f7528388,0x00000000f8700000)
  to   space 26624K, 0% used [0x00000000f8900000,0x00000000f8900000,0x00000000fa300000)
 ParOldGen       total 349696K, used 349694K [0x00000000e0000000, 0x00000000f5580000, 0x00000000f5580000)
  object space 349696K, 99% used [0x00000000e0000000,0x00000000f557fb18,0x00000000f5580000)
 Metaspace       used 53167K, committed 53888K, reserved 1097728K
  class space    used 5354K, committed 5696K, reserved 1048576K
}
Event: 1180.672 GC heap before
{Heap before GC invocations=766 (full 689):
 PSYoungGen      total 50688K, used 32416K [0x00000000f5580000, 0x00000000fa300000, 0x0000000100000000)
  eden space 23040K, 99% used [0x00000000f5580000,0x00000000f6bffff8,0x00000000f6c00000)
  from space 27648K, 33% used [0x00000000f6c00000,0x00000000f7528388,0x00000000f8700000)
  to   space 26624K, 0% used [0x00000000f8900000,0x00000000f8900000,0x00000000fa300000)
 ParOldGen       total 349696K, used 349694K [0x00000000e0000000, 0x00000000f5580000, 0x00000000f5580000)
  object space 349696K, 99% used [0x00000000e0000000,0x00000000f557fb18,0x00000000f5580000)
 Metaspace       used 53167K, committed 53888K, reserved 1097728K
  class space    used 5354K, committed 5696K, reserved 1048576K
}
Event: 1182.193 GC heap after
{Heap after GC invocations=766 (full 689):
 PSYoungGen      total 50688K, used 32416K [0x00000000f5580000, 0x00000000fa300000, 0x0000000100000000)
  eden space 23040K, 99% used [0x00000000f5580000,0x00000000f6bffff8,0x00000000f6c00000)
  from space 27648K, 33% used [0x00000000f6c00000,0x00000000f7528388,0x00000000f8700000)
  to   space 26624K, 0% used [0x00000000f8900000,0x00000000f8900000,0x00000000fa300000)
 ParOldGen       total 349696K, used 349694K [0x00000000e0000000, 0x00000000f5580000, 0x00000000f5580000)
  object space 349696K, 99% used [0x00000000e0000000,0x00000000f557fb18,0x00000000f5580000)
 Metaspace       used 53167K, committed 53888K, reserved 1097728K
  class space    used 5354K, committed 5696K, reserved 1048576K
}
Event: 1182.193 GC heap before
{Heap before GC invocations=767 (full 690):
 PSYoungGen      total 50688K, used 32416K [0x00000000f5580000, 0x00000000fa300000, 0x0000000100000000)
  eden space 23040K, 99% used [0x00000000f5580000,0x00000000f6bffff8,0x00000000f6c00000)
  from space 27648K, 33% used [0x00000000f6c00000,0x00000000f7528388,0x00000000f8700000)
  to   space 26624K, 0% used [0x00000000f8900000,0x00000000f8900000,0x00000000fa300000)
 ParOldGen       total 349696K, used 349695K [0x00000000e0000000, 0x00000000f5580000, 0x00000000f5580000)
  object space 349696K, 99% used [0x00000000e0000000,0x00000000f557fc58,0x00000000f5580000)
 Metaspace       used 53167K, committed 53888K, reserved 1097728K
  class space    used 5354K, committed 5696K, reserved 1048576K
}
Event: 1183.525 GC heap after
{Heap after GC invocations=767 (full 690):
 PSYoungGen      total 50688K, used 32416K [0x00000000f5580000, 0x00000000fa300000, 0x0000000100000000)
  eden space 23040K, 99% used [0x00000000f5580000,0x00000000f6bffff8,0x00000000f6c00000)
  from space 27648K, 33% used [0x00000000f6c00000,0x00000000f7528388,0x00000000f8700000)
  to   space 26624K, 0% used [0x00000000f8900000,0x00000000f8900000,0x00000000fa300000)
 ParOldGen       total 349696K, used 349694K [0x00000000e0000000, 0x00000000f5580000, 0x00000000f5580000)
  object space 349696K, 99% used [0x00000000e0000000,0x00000000f557fb68,0x00000000f5580000)
 Metaspace       used 53167K, committed 53888K, reserved 1097728K
  class space    used 5354K, committed 5696K, reserved 1048576K
}
Event: 1183.525 GC heap before
{Heap before GC invocations=768 (full 691):
 PSYoungGen      total 50688K, used 32416K [0x00000000f5580000, 0x00000000fa300000, 0x0000000100000000)
  eden space 23040K, 99% used [0x00000000f5580000,0x00000000f6bffff8,0x00000000f6c00000)
  from space 27648K, 33% used [0x00000000f6c00000,0x00000000f7528388,0x00000000f8700000)
  to   space 26624K, 0% used [0x00000000f8900000,0x00000000f8900000,0x00000000fa300000)
 ParOldGen       total 349696K, used 349694K [0x00000000e0000000, 0x00000000f5580000, 0x00000000f5580000)
  object space 349696K, 99% used [0x00000000e0000000,0x00000000f557fb68,0x00000000f5580000)
 Metaspace       used 53167K, committed 53888K, reserved 1097728K
  class space    used 5354K, committed 5696K, reserved 1048576K
}
Event: 1184.899 GC heap after
{Heap after GC invocations=768 (full 691):
 PSYoungGen      total 50688K, used 32416K [0x00000000f5580000, 0x00000000fa300000, 0x0000000100000000)
  eden space 23040K, 99% used [0x00000000f5580000,0x00000000f6bffff8,0x00000000f6c00000)
  from space 27648K, 33% used [0x00000000f6c00000,0x00000000f7528388,0x00000000f8700000)
  to   space 26624K, 0% used [0x00000000f8900000,0x00000000f8900000,0x00000000fa300000)
 ParOldGen       total 349696K, used 349694K [0x00000000e0000000, 0x00000000f5580000, 0x00000000f5580000)
  object space 349696K, 99% used [0x00000000e0000000,0x00000000f557fb68,0x00000000f5580000)
 Metaspace       used 53167K, committed 53888K, reserved 1097728K
  class space    used 5354K, committed 5696K, reserved 1048576K
}

